<?xml version="1.0" encoding="UTF-8"?>
<!-- Generated by org.testng.reporters.JUnitReportReporter -->
<testsuite skipped="0" hostname="LAPTOP-INVRV4DB" name="Project_Day.TC003_FixBugs" tests="1" failures="0" timestamp="16 Sep 2018 15:42:35 GMT" time="56.977" errors="0">
  <testcase name="fixBug" time="56.977" classname="Project_Day.TC003_FixBugs"/>
</testsuite> <!-- Project_Day.TC003_FixBugs -->
