<?xml version="1.0" encoding="UTF-8"?>
<!-- Generated by org.testng.reporters.JUnitReportReporter -->
<testsuite skipped="0" hostname="LAPTOP-INVRV4DB" name="testcase.TC002_CreateLead" tests="3" failures="0" timestamp="28 Sep 2018 07:30:26 GMT" time="133.382" errors="0">
  <testcase name="CreateLead" time="65.825" classname="testcase.TC002_CreateLead"/>
  <testcase name="CreateLead" time="32.992" classname="testcase.TC002_CreateLead"/>
  <testcase name="CreateLead" time="34.565" classname="testcase.TC002_CreateLead"/>
</testsuite> <!-- testcase.TC002_CreateLead -->
