<?xml version="1.0" encoding="UTF-8"?>
<!-- Generated by org.testng.reporters.JUnitReportReporter -->
<testsuite skipped="0" hostname="LAPTOP-INVRV4DB" name="testcase.TC001_LoginAndLogOut" tests="1" failures="0" timestamp="14 Sep 2018 16:47:59 GMT" time="40.687" errors="0">
  <testcase name="login" time="40.687" classname="testcase.TC001_LoginAndLogOut"/>
</testsuite> <!-- testcase.TC001_LoginAndLogOut -->
