<?xml version="1.0" encoding="UTF-8"?>
<!-- Generated by org.testng.reporters.JUnitReportReporter -->
<testsuite skipped="0" hostname="LAPTOP-INVRV4DB" name="testcase.TC005_MergeLead" tests="2" failures="0" timestamp="22 Sep 2018 17:18:39 GMT" time="96.176" errors="0">
  <testcase name="DuplicateLeads" time="51.062" classname="testcase.TC005_MergeLead"/>
  <testcase name="DuplicateLeads" time="45.114" classname="testcase.TC005_MergeLead"/>
</testsuite> <!-- testcase.TC005_MergeLead -->
