<?xml version="1.0" encoding="UTF-8"?>
<!-- Generated by org.testng.reporters.JUnitReportReporter -->
<testsuite skipped="0" hostname="LAPTOP-INVRV4DB" name="testcase.TC002_FindLeads" tests="1" failures="0" timestamp="15 Sep 2018 16:55:18 GMT" time="34.716" errors="0">
  <testcase name="login" time="34.716" classname="testcase.TC002_FindLeads"/>
</testsuite> <!-- testcase.TC002_FindLeads -->
