<?xml version="1.0" encoding="UTF-8"?>
<!-- Generated by org.testng.reporters.JUnitReportReporter -->
<testsuite skipped="0" hostname="LAPTOP-INVRV4DB" name="testcase.TC004_EditLeads" tests="2" failures="0" timestamp="22 Sep 2018 16:59:03 GMT" time="81.235" errors="0">
  <testcase name="EditLeads" time="40.475" classname="testcase.TC004_EditLeads"/>
  <testcase name="EditLeads" time="40.760" classname="testcase.TC004_EditLeads"/>
</testsuite> <!-- testcase.TC004_EditLeads -->
