<?xml version="1.0" encoding="UTF-8"?>
<!-- Generated by org.testng.reporters.JUnitReportReporter -->
<testsuite skipped="0" hostname="LAPTOP-INVRV4DB" name="testcase.TC004_DuplicateLead" tests="2" failures="0" timestamp="22 Sep 2018 16:46:51 GMT" time="59.685" errors="0">
  <testcase name="DuplicateLeads" time="29.273" classname="testcase.TC004_DuplicateLead"/>
  <testcase name="DuplicateLeads" time="30.412" classname="testcase.TC004_DuplicateLead"/>
</testsuite> <!-- testcase.TC004_DuplicateLead -->
