<?xml version="1.0" encoding="UTF-8"?>
<!-- Generated by org.testng.reporters.JUnitReportReporter -->
<testsuite skipped="0" hostname="LAPTOP-INVRV4DB" name="Project_Day.TC002" tests="1" failures="0" timestamp="16 Sep 2018 06:02:15 GMT" time="28.860" errors="0">
  <testcase name="booking" time="28.860" classname="Project_Day.TC002"/>
</testsuite> <!-- Project_Day.TC002 -->
