<?xml version="1.0" encoding="UTF-8"?>
<!-- Generated by org.testng.reporters.JUnitReportReporter -->
<testsuite skipped="1" hostname="LAPTOP-INVRV4DB" name="testcase.TC002_CreateLead" tests="1" failures="0" timestamp="23 Sep 2018 05:32:52 GMT" time="0.000" errors="0">
  <testcase name="CreateLead" time="0.000" classname="testcase.TC002_CreateLead">
    <skipped/>
  </testcase> <!-- CreateLead -->
</testsuite> <!-- testcase.TC002_CreateLead -->
